[debug] [2021-01-09T19:42:45.706Z] ----------------------------------------------------------------------
[debug] [2021-01-09T19:42:45.708Z] Command:       C:\Program Files\nodejs\node.exe C:\Users\DanEr\AppData\Roaming\npm\node_modules\firebase-tools\lib\bin\firebase.js serve
[debug] [2021-01-09T19:42:45.709Z] CLI Version:   9.1.2
[debug] [2021-01-09T19:42:45.709Z] Platform:      win32
[debug] [2021-01-09T19:42:45.709Z] Node Version:  v15.1.0
[debug] [2021-01-09T19:42:45.710Z] Time:          Sun Jan 10 2021 01:42:45 GMT+0600 (Восточный Казахстан)
[debug] [2021-01-09T19:42:45.711Z] ----------------------------------------------------------------------
[debug] [2021-01-09T19:42:45.711Z] 
[debug] [2021-01-09T19:42:45.719Z] > command requires scopes: ["email","openid","https://www.googleapis.com/auth/cloudplatformprojects.readonly","https://www.googleapis.com/auth/firebase","https://www.googleapis.com/auth/cloud-platform"]
[debug] [2021-01-09T19:42:45.720Z] > authorizing via signed-in user
[debug] [2021-01-09T19:42:45.720Z] [iam] checking project mario-plan-e9984 for permissions ["firebase.projects.get"]
[debug] [2021-01-09T19:42:45.723Z] >>> HTTP REQUEST POST https://cloudresourcemanager.googleapis.com/v1/projects/mario-plan-e9984:testIamPermissions  
 {"permissions":["firebase.projects.get"]}
[debug] [2021-01-09T19:42:46.810Z] <<< HTTP RESPONSE 200 {"content-type":"application/json; charset=UTF-8","vary":"X-Origin, Referer, Origin,Accept-Encoding","date":"Sat, 09 Jan 2021 19:42:46 GMT","server":"ESF","cache-control":"private","x-xss-protection":"0","x-frame-options":"SAMEORIGIN","x-content-type-options":"nosniff","server-timing":"gfet4t7; dur=787","alt-svc":"h3-29=\":443\"; ma=2592000,h3-T051=\":443\"; ma=2592000,h3-Q050=\":443\"; ma=2592000,h3-Q046=\":443\"; ma=2592000,h3-Q043=\":443\"; ma=2592000,quic=\":443\"; ma=2592000; v=\"46,43\"","accept-ranges":"none","transfer-encoding":"chunked"}
[debug] [2021-01-09T19:42:46.814Z] >>> HTTP REQUEST GET https://firebase.googleapis.com/v1beta1/projects/mario-plan-e9984  
 
[debug] [2021-01-09T19:42:47.247Z] <<< HTTP RESPONSE 200 {"content-type":"application/json; charset=UTF-8","vary":"X-Origin, Referer, Origin,Accept-Encoding","date":"Sat, 09 Jan 2021 19:42:46 GMT","server":"ESF","cache-control":"private","x-xss-protection":"0","x-frame-options":"SAMEORIGIN","x-content-type-options":"nosniff","alt-svc":"h3-29=\":443\"; ma=2592000,h3-T051=\":443\"; ma=2592000,h3-Q050=\":443\"; ma=2592000,h3-Q046=\":443\"; ma=2592000,h3-Q043=\":443\"; ma=2592000,quic=\":443\"; ma=2592000; v=\"46,43\"","accept-ranges":"none","transfer-encoding":"chunked"}
[info] 
[info] === Serving from 'E:\React\Forth_Project\mario-project'...
[info] 
[debug] [2021-01-09T19:42:47.268Z] >>> HTTP REQUEST GET https://firebase.googleapis.com/v1beta1/projects/mario-plan-e9984/webApps/-/config  
 
[debug] [2021-01-09T19:42:48.365Z] <<< HTTP RESPONSE 200 {"content-type":"application/json; charset=UTF-8","vary":"X-Origin, Referer, Origin,Accept-Encoding","date":"Sat, 09 Jan 2021 19:42:47 GMT","server":"ESF","cache-control":"private","x-xss-protection":"0","x-frame-options":"SAMEORIGIN","x-content-type-options":"nosniff","alt-svc":"h3-29=\":443\"; ma=2592000,h3-T051=\":443\"; ma=2592000,h3-Q050=\":443\"; ma=2592000,h3-Q046=\":443\"; ma=2592000,h3-Q043=\":443\"; ma=2592000,quic=\":443\"; ma=2592000; v=\"46,43\"","accept-ranges":"none","transfer-encoding":"chunked"}
[info] i  hosting: Serving hosting files from: build {"metadata":{"emulator":{"name":"hosting"},"message":"Serving hosting files from: \u001b[1mbuild\u001b[22m"}}
[info] +  hosting: Local server: http://localhost:5000 {"metadata":{"emulator":{"name":"hosting"},"message":"Local server: \u001b[4m\u001b[1mhttp://localhost:5000\u001b[22m\u001b[24m"}}
